

Microchip Technology PIC18 LITE Macro Assembler V1.34 build -361300703 
                                                                                               Thu Sep 05 17:41:09 2024

Microchip Technology Omniscient Code Generator (Lite mode) build 201502162209
     1                           	processor	18F4620
     2                           	fnconf	rparam,??,?,0
     3                           	opt	pw 120
     4                           	opt	lm
     5                           	psect	idataCOMRAM,global,class=CODE,delta=1
     6                           	psect	cinit,global,reloc=2,class=CODE,delta=1
     7                           	psect	dataCOMRAM,global,class=COMRAM,space=1,delta=1
     8                           	psect	cstackCOMRAM,global,class=COMRAM,space=1,delta=1
     9                           	psect	text0,global,reloc=2,class=CODE,delta=1
    10                           	psect	text1,global,reloc=2,class=CODE,delta=1
    11                           	psect	intsave_regs,global,class=BIGRAM,space=1,delta=1
    12                           	psect	rparam,global,class=COMRAM,space=1,delta=1
    13  0000                     
    14                           	psect	idataCOMRAM
    15  00FF48                     __pidataCOMRAM:
    16                           	opt stack 0
    17                           
    18                           ;initializer for _array1
    19  00FF48  06                 	db	6
    20  00FF49  01                 	db	1
    21  00FF4A  02                 	db	2
    22  00FF4B  03                 	db	3
    23  00FF4C  04                 	db	4
    24  00FF4D  00                 	db	0
    25  00FF4E  05                 	db	5
    26  00FF4F  07                 	db	7
    27                           
    28                           ;initializer for _array2
    29  00FF50  02                 	db	2
    30  00FF51  03                 	db	3
    31  00FF52  04                 	db	4
    32  00FF53  05                 	db	5
    33  00FF54  00                 	db	0
    34  00FF55  06                 	db	6
    35  00FF56  07                 	db	7
    36  00FF57  01                 	db	1
    37  0000                     _ADCON1	set	4033
    38  0000                     _PORTB	set	3969
    39  0000                     _PORTD	set	3971
    40  0000                     _TRISA	set	3986
    41  0000                     _TRISB	set	3987
    42  0000                     _TRISC	set	3988
    43  0000                     _TRISD	set	3989
    44                           
    45                           ; #config settings
    46  0000                     
    47                           	psect	cinit
    48  00FF7C                     __pcinit:
    49                           	opt stack 0
    50  00FF7C                     start_initialization:
    51                           	opt stack 0
    52  00FF7C                     __initialization:
    53                           	opt stack 0
    54                           
    55                           ; Initialize objects allocated to COMRAM (16 bytes)
    56                           ; load TBLPTR registers with __pidataCOMRAM
    57  00FF7C  0E48               	movlw	low __pidataCOMRAM
    58  00FF7E  6EF6               	movwf	tblptrl,c
    59  00FF80  0EFF               	movlw	high __pidataCOMRAM
    60  00FF82  6EF7               	movwf	tblptrh,c
    61  00FF84  0E00               	movlw	low (__pidataCOMRAM shr (0+16))
    62  00FF86  6EF8               	movwf	tblptru,c
    63  00FF88  EE00  F001         	lfsr	0,__pdataCOMRAM
    64  00FF8C  EE10 F010          	lfsr	1,16
    65  00FF90                     copy_data0:
    66  00FF90  0009               	tblrd		*+
    67  00FF92  CFF5 FFEE          	movff	tablat,postinc0
    68  00FF96  50E5               	movf	postdec1,w,c
    69  00FF98  50E1               	movf	fsr1l,w,c
    70  00FF9A  E1FA               	bnz	copy_data0
    71  00FF9C                     end_of_initialization:
    72                           	opt stack 0
    73  00FF9C                     __end_of__initialization:
    74                           	opt stack 0
    75  00FF9C  0100               	movlb	0
    76  00FF9E  EFD1  F07F         	goto	_main	;jump to C main() function
    77                           tblptru	equ	0xFF8
    78                           tblptrh	equ	0xFF7
    79                           tblptrl	equ	0xFF6
    80                           tablat	equ	0xFF5
    81                           postinc0	equ	0xFEE
    82                           postdec1	equ	0xFE5
    83                           fsr1l	equ	0xFE1
    84                           
    85                           	psect	dataCOMRAM
    86  000001                     __pdataCOMRAM:
    87                           	opt stack 0
    88  000001                     _array1:
    89                           	opt stack 0
    90  000001                     	ds	8
    91  000009                     _array2:
    92                           	opt stack 0
    93  000009                     	ds	8
    94                           tblptru	equ	0xFF8
    95                           tblptrh	equ	0xFF7
    96                           tblptrl	equ	0xFF6
    97                           tablat	equ	0xFF5
    98                           postinc0	equ	0xFEE
    99                           postdec1	equ	0xFE5
   100                           fsr1l	equ	0xFE1
   101                           
   102                           	psect	cstackCOMRAM
   103  000011                     __pcstackCOMRAM:
   104                           	opt stack 0
   105  000011                     Delay_One_Sec@I:
   106                           	opt stack 0
   107                           
   108                           ; 2 bytes @ 0x0
   109  000011                     	ds	2
   110  000013                     ??_main:
   111                           
   112                           ; 0 bytes @ 0x2
   113  000013                     	ds	1
   114  000014                     main@i:
   115                           	opt stack 0
   116                           
   117                           ; 1 bytes @ 0x3
   118  000014                     	ds	1
   119                           tblptru	equ	0xFF8
   120                           tblptrh	equ	0xFF7
   121                           tblptrl	equ	0xFF6
   122                           tablat	equ	0xFF5
   123                           postinc0	equ	0xFEE
   124                           postdec1	equ	0xFE5
   125                           fsr1l	equ	0xFE1
   126                           
   127 ;;
   128 ;;Main: autosize = 0, tempsize = 1, incstack = 0, save=0
   129 ;;
   130 ;; *************** function _main *****************
   131 ;; Defined at:
   132 ;;		line 19 in file "lab2p4.c"
   133 ;; Parameters:    Size  Location     Type
   134 ;;		None
   135 ;; Auto vars:     Size  Location     Type
   136 ;;  i               1    3[COMRAM] unsigned char 
   137 ;;  in              1    0        unsigned char 
   138 ;; Return value:  Size  Location     Type
   139 ;;		None               void
   140 ;; Registers used:
   141 ;;		wreg, fsr2l, fsr2h, status,2, status,0, prodl, prodh, cstack
   142 ;; Tracked objects:
   143 ;;		On entry : 0/0
   144 ;;		On exit  : 0/0
   145 ;;		Unchanged: 0/0
   146 ;; Data sizes:     COMRAM   BANK0   BANK1   BANK2   BANK3   BANK4   BANK5   BANK6   BANK7   BANK8   BANK9  BANK10  BANK1
      +1  BANK12  BANK13  BANK14  BANK15
   147 ;;      Params:         0       0       0       0       0       0       0       0       0       0       0       0       
      +0       0       0       0       0
   148 ;;      Locals:         1       0       0       0       0       0       0       0       0       0       0       0       
      +0       0       0       0       0
   149 ;;      Temps:          1       0       0       0       0       0       0       0       0       0       0       0       
      +0       0       0       0       0
   150 ;;      Totals:         2       0       0       0       0       0       0       0       0       0       0       0       
      +0       0       0       0       0
   151 ;;Total ram usage:        2 bytes
   152 ;; Hardware stack levels required when called:    1
   153 ;; This function calls:
   154 ;;		_Delay_One_Sec
   155 ;; This function is called by:
   156 ;;		Startup code after reset
   157 ;; This function uses a non-reentrant model
   158 ;;
   159                           
   160                           	psect	text0
   161  00FFA2                     __ptext0:
   162                           	opt stack 0
   163  00FFA2                     _main:
   164                           	opt stack 30
   165                           
   166                           ;lab2p4.c: 21: char in;
   167                           ;lab2p4.c: 22: TRISA =0xFF;
   168                           
   169                           ;incstack = 0
   170  00FFA2  6892               	setf	3986,c	;volatile
   171                           
   172                           ;lab2p4.c: 23: TRISB =0x00;
   173  00FFA4  0E00               	movlw	0
   174  00FFA6  6E93               	movwf	3987,c	;volatile
   175                           
   176                           ;lab2p4.c: 24: TRISC =0x00;
   177  00FFA8  0E00               	movlw	0
   178  00FFAA  6E94               	movwf	3988,c	;volatile
   179                           
   180                           ;lab2p4.c: 25: TRISD = 0x00;
   181  00FFAC  0E00               	movlw	0
   182  00FFAE  6E95               	movwf	3989,c	;volatile
   183                           
   184                           ;lab2p4.c: 26: ADCON1 =0x0F;
   185  00FFB0  0E0F               	movlw	15
   186  00FFB2  6EC1               	movwf	4033,c	;volatile
   187  00FFB4                     l23:
   188                           
   189                           ;lab2p4.c: 29: {
   190                           ;lab2p4.c: 30: for (char i=0; i<8; i++)
   191  00FFB4  0E00               	movlw	0
   192  00FFB6  6E14               	movwf	main@i,c
   193  00FFB8                     l629:
   194  00FFB8  0E07               	movlw	7
   195  00FFBA  6414               	cpfsgt	main@i,c
   196  00FFBC  D001               	goto	l633
   197  00FFBE  D7FA               	goto	l23
   198  00FFC0                     l633:
   199                           
   200                           ;lab2p4.c: 31: {
   201                           ;lab2p4.c: 32: PORTB = array1[i];
   202  00FFC0  5014               	movf	main@i,w,c
   203  00FFC2  0D01               	mullw	1
   204  00FFC4  0E01               	movlw	low _array1
   205  00FFC6  24F3               	addwf	prodl,w,c
   206  00FFC8  6ED9               	movwf	fsr2l,c
   207  00FFCA  0E00               	movlw	high _array1
   208  00FFCC  20F4               	addwfc	prodh,w,c
   209  00FFCE  6EDA               	movwf	fsr2h,c
   210  00FFD0  50DF               	movf	indf2,w,c
   211  00FFD2  6E81               	movwf	3969,c	;volatile
   212                           
   213                           ;lab2p4.c: 33: PORTD = array2[i]<<2;
   214  00FFD4  5014               	movf	main@i,w,c
   215  00FFD6  0D01               	mullw	1
   216  00FFD8  0E09               	movlw	low _array2
   217  00FFDA  24F3               	addwf	prodl,w,c
   218  00FFDC  6ED9               	movwf	fsr2l,c
   219  00FFDE  0E00               	movlw	high _array2
   220  00FFE0  20F4               	addwfc	prodh,w,c
   221  00FFE2  6EDA               	movwf	fsr2h,c
   222  00FFE4  50DF               	movf	indf2,w,c
   223  00FFE6  6E13               	movwf	??_main& (0+255),c
   224  00FFE8  90D8               	bcf	status,0,c
   225  00FFEA  3613               	rlcf	??_main,f,c
   226  00FFEC  90D8               	bcf	status,0,c
   227  00FFEE  3413               	rlcf	??_main,w,c
   228  00FFF0  6E83               	movwf	3971,c	;volatile
   229                           
   230                           ;lab2p4.c: 34: Delay_One_Sec();
   231  00FFF2  ECAC  F07F         	call	_Delay_One_Sec	;wreg free
   232  00FFF6  2A14               	incf	main@i,f,c
   233  00FFF8  D7DF               	goto	l629
   234  00FFFA  D7DC               	goto	l23
   235  00FFFC  EF00  F000         	goto	start
   236  010000                     __end_of_main:
   237                           	opt stack 0
   238                           tblptru	equ	0xFF8
   239                           tblptrh	equ	0xFF7
   240                           tblptrl	equ	0xFF6
   241                           tablat	equ	0xFF5
   242                           prodh	equ	0xFF4
   243                           prodl	equ	0xFF3
   244                           postinc0	equ	0xFEE
   245                           postdec1	equ	0xFE5
   246                           fsr1l	equ	0xFE1
   247                           indf2	equ	0xFDF
   248                           fsr2h	equ	0xFDA
   249                           fsr2l	equ	0xFD9
   250                           status	equ	0xFD8
   251                           
   252 ;; *************** function _Delay_One_Sec *****************
   253 ;; Defined at:
   254 ;;		line 41 in file "lab2p4.c"
   255 ;; Parameters:    Size  Location     Type
   256 ;;		None
   257 ;; Auto vars:     Size  Location     Type
   258 ;;  I               2    0[COMRAM] int 
   259 ;; Return value:  Size  Location     Type
   260 ;;		None               void
   261 ;; Registers used:
   262 ;;		wreg, status,2, status,0
   263 ;; Tracked objects:
   264 ;;		On entry : 0/0
   265 ;;		On exit  : 0/0
   266 ;;		Unchanged: 0/0
   267 ;; Data sizes:     COMRAM   BANK0   BANK1   BANK2   BANK3   BANK4   BANK5   BANK6   BANK7   BANK8   BANK9  BANK10  BANK1
      +1  BANK12  BANK13  BANK14  BANK15
   268 ;;      Params:         0       0       0       0       0       0       0       0       0       0       0       0       
      +0       0       0       0       0
   269 ;;      Locals:         2       0       0       0       0       0       0       0       0       0       0       0       
      +0       0       0       0       0
   270 ;;      Temps:          0       0       0       0       0       0       0       0       0       0       0       0       
      +0       0       0       0       0
   271 ;;      Totals:         2       0       0       0       0       0       0       0       0       0       0       0       
      +0       0       0       0       0
   272 ;;Total ram usage:        2 bytes
   273 ;; Hardware stack levels used:    1
   274 ;; This function calls:
   275 ;;		Nothing
   276 ;; This function is called by:
   277 ;;		_main
   278 ;; This function uses a non-reentrant model
   279 ;;
   280                           
   281                           	psect	text1
   282  00FF58                     __ptext1:
   283                           	opt stack 0
   284  00FF58                     _Delay_One_Sec:
   285                           	opt stack 30
   286                           
   287                           ;lab2p4.c: 43: for (int I=0; I <17880; I++);
   288                           
   289                           ;incstack = 0
   290  00FF58  0E00               	movlw	0
   291  00FF5A  6E12               	movwf	Delay_One_Sec@I+1,c
   292  00FF5C  0E00               	movlw	0
   293  00FF5E  6E11               	movwf	Delay_One_Sec@I,c
   294  00FF60                     l617:
   295  00FF60  BE12               	btfsc	Delay_One_Sec@I+1,7,c
   296  00FF62  D008               	goto	l621
   297  00FF64  0ED8               	movlw	216
   298  00FF66  5C11               	subwf	Delay_One_Sec@I,w,c
   299  00FF68  0E45               	movlw	69
   300  00FF6A  5812               	subwfb	Delay_One_Sec@I+1,w,c
   301  00FF6C  B0D8               	btfsc	status,0,c
   302  00FF6E  D005               	goto	l33
   303  00FF70  D001               	goto	l621
   304  00FF72  D003               	goto	l33
   305  00FF74                     l621:
   306  00FF74  4A11               	infsnz	Delay_One_Sec@I,f,c
   307  00FF76  2A12               	incf	Delay_One_Sec@I+1,f,c
   308  00FF78  D7F3               	goto	l617
   309  00FF7A                     l33:
   310  00FF7A  0012               	return		;funcret
   311  00FF7C                     __end_of_Delay_One_Sec:
   312                           	opt stack 0
   313  0000                     tblptru	equ	0xFF8
   314                           tblptrh	equ	0xFF7
   315                           tblptrl	equ	0xFF6
   316                           tablat	equ	0xFF5
   317                           prodh	equ	0xFF4
   318                           prodl	equ	0xFF3
   319                           postinc0	equ	0xFEE
   320                           postdec1	equ	0xFE5
   321                           fsr1l	equ	0xFE1
   322                           indf2	equ	0xFDF
   323                           fsr2h	equ	0xFDA
   324                           fsr2l	equ	0xFD9
   325                           status	equ	0xFD8
   326                           tblptru	equ	0xFF8
   327                           tblptrh	equ	0xFF7
   328                           tblptrl	equ	0xFF6
   329                           tablat	equ	0xFF5
   330                           prodh	equ	0xFF4
   331                           prodl	equ	0xFF3
   332                           postinc0	equ	0xFEE
   333                           postdec1	equ	0xFE5
   334                           fsr1l	equ	0xFE1
   335                           indf2	equ	0xFDF
   336                           fsr2h	equ	0xFDA
   337                           fsr2l	equ	0xFD9
   338                           status	equ	0xFD8
   339                           
   340                           	psect	rparam
   341  0000                     tblptru	equ	0xFF8
   342                           tblptrh	equ	0xFF7
   343                           tblptrl	equ	0xFF6
   344                           tablat	equ	0xFF5
   345                           prodh	equ	0xFF4
   346                           prodl	equ	0xFF3
   347                           postinc0	equ	0xFEE
   348                           postdec1	equ	0xFE5
   349                           fsr1l	equ	0xFE1
   350                           indf2	equ	0xFDF
   351                           fsr2h	equ	0xFDA
   352                           fsr2l	equ	0xFD9
   353                           status	equ	0xFD8


Data Sizes:
    Strings     0
    Constant    0
    Data        16
    BSS         0
    Persistent  0
    Stack       0

Auto Spaces:
    Space          Size  Autos    Used
    COMRAM          127      4      20
    BANK0           128      0       0
    BANK1           256      0       0
    BANK2           256      0       0
    BANK3           256      0       0
    BANK4           256      0       0
    BANK5           256      0       0
    BANK6           256      0       0
    BANK7           256      0       0
    BANK8           256      0       0
    BANK9           256      0       0
    BANK10          256      0       0
    BANK11          256      0       0
    BANK12          256      0       0
    BANK13          256      0       0
    BANK14          256      0       0
    BANK15          128      0       0

Pointer List with Targets:

    None.

Critical Paths under _main in COMRAM

    _main->_Delay_One_Sec

Critical Paths under _main in BANK0

    None.

Critical Paths under _main in BANK1

    None.

Critical Paths under _main in BANK2

    None.

Critical Paths under _main in BANK3

    None.

Critical Paths under _main in BANK4

    None.

Critical Paths under _main in BANK5

    None.

Critical Paths under _main in BANK6

    None.

Critical Paths under _main in BANK7

    None.

Critical Paths under _main in BANK8

    None.

Critical Paths under _main in BANK9

    None.

Critical Paths under _main in BANK10

    None.

Critical Paths under _main in BANK11

    None.

Critical Paths under _main in BANK12

    None.

Critical Paths under _main in BANK13

    None.

Critical Paths under _main in BANK14

    None.

Critical Paths under _main in BANK15

    None.

Call Graph Tables:

 ---------------------------------------------------------------------------------
 (Depth) Function   	        Calls       Base Space   Used Autos Params    Refs
 ---------------------------------------------------------------------------------
 (0) _main                                                 3     3      0      90
                                              2 COMRAM     2     2      0
                      _Delay_One_Sec
 ---------------------------------------------------------------------------------
 (1) _Delay_One_Sec                                        2     2      0      30
                                              0 COMRAM     2     2      0
 ---------------------------------------------------------------------------------
 Estimated maximum stack depth 1
 ---------------------------------------------------------------------------------

 Call Graph Graphs:

 _main (ROOT)
   _Delay_One_Sec

 Address spaces:
Name               Size   Autos  Total    Cost      Usage
BIGRAM             F7F      0       0      37        0.0%
EEDATA             400      0       0       0        0.0%
BITBANK14          100      0       0      32        0.0%
BANK14             100      0       0      33        0.0%
BITBANK13          100      0       0      30        0.0%
BANK13             100      0       0      31        0.0%
BITBANK12          100      0       0      28        0.0%
BANK12             100      0       0      29        0.0%
BITBANK11          100      0       0      26        0.0%
BANK11             100      0       0      27        0.0%
BITBANK10          100      0       0      24        0.0%
BANK10             100      0       0      25        0.0%
BITBANK9           100      0       0      22        0.0%
BANK9              100      0       0      23        0.0%
BITBANK8           100      0       0      20        0.0%
BANK8              100      0       0      21        0.0%
BITBANK7           100      0       0      18        0.0%
BANK7              100      0       0      19        0.0%
BITBANK6           100      0       0      16        0.0%
BANK6              100      0       0      17        0.0%
BITBANK5           100      0       0      14        0.0%
BANK5              100      0       0      15        0.0%
BITBANK4           100      0       0      12        0.0%
BANK4              100      0       0      13        0.0%
BITBANK3           100      0       0      10        0.0%
BANK3              100      0       0      11        0.0%
BITBANK2           100      0       0       8        0.0%
BANK2              100      0       0       9        0.0%
BITBANK1           100      0       0       6        0.0%
BANK1              100      0       0       7        0.0%
BITBANK15           80      0       0      35        0.0%
BANK15              80      0       0      36        0.0%
BITBANK0            80      0       0       4        0.0%
BANK0               80      0       0       5        0.0%
BITCOMRAM           7F      0       0       0        0.0%
COMRAM              7F      4      14       1       15.7%
BITSFR               0      0       0      40        0.0%
SFR                  0      0       0      40        0.0%
STACK                0      0       0       2        0.0%
NULL                 0      0       0       0        0.0%
ABS                  0      0      14      34        0.0%
DATA                 0      0      14       3        0.0%
CODE                 0      0       0       0        0.0%


Microchip Technology PIC18 Macro Assembler V1.34 build -361300703 
Symbol Table                                                                                   Thu Sep 05 17:41:09 2024

                     l23 FFB4                       l33 FF7A                      l621 FF74  
                    l617 FF60                      l633 FFC0                      l629 FFB8  
                    prod 000FF3             __CFG_LVP$OFF 000000             __CFG_WDT$OFF 000000  
                   _main FFA2                     fsr1l 000FE1                     indf2 000FDF  
                   fsr2l 000FD9                     prodl 000FF3                     start 0000  
           ___param_bank 000010                    ?_main 0011                    _PORTB 000F81  
                  _PORTD 000F83                    _TRISA 000F92                    _TRISB 000F93  
                  _TRISC 000F94                    _TRISD 000F95                    main@i 0014  
         __CFG_BOREN$OFF 000000                    tablat 000FF5                    status 000FD8  
        __initialization FF7C             __end_of_main 0000                   ??_main 0013  
          __activetblptr 000000                   _ADCON1 000FC1                   _array1 0001  
                 _array2 0009             __pdataCOMRAM 0001                   tblptrh 000FF7  
                 tblptrl 000FF6                   tblptru 000FF8               __accesstop 0080  
__end_of__initialization FF9C            ___rparam_used 000001           __pcstackCOMRAM 0011  
         Delay_One_Sec@I 0011   __size_of_Delay_One_Sec 0024                  __Hparam 0000  
                __Lparam 0000                  __pcinit FF7C                  __ramtop 1000  
                __ptext0 FFA2                  __ptext1 FF58     end_of_initialization FF9C  
          _Delay_One_Sec FF58                  postdec1 000FE5                  postinc0 000FEE  
         ?_Delay_One_Sec 0011            __pidataCOMRAM FF48      start_initialization FF7C  
       __CFG_OSC$INTIO67 000000          ??_Delay_One_Sec 0011                copy_data0 FF90  
               __Hrparam 0000                 __Lrparam 0000            __size_of_main 005E  
  __end_of_Delay_One_Sec FF7C  
