

Microchip Technology PIC18 LITE Macro Assembler V1.34 build -361300703 
                                                                                               Thu Sep 05 17:09:19 2024

Microchip Technology Omniscient Code Generator (Lite mode) build 201502162209
     1                           	processor	18F4620
     2                           	fnconf	rparam,??,?,0
     3                           	opt	pw 120
     4                           	opt	lm
     5                           	psect	text0,global,reloc=2,class=CODE,delta=1
     6                           	psect	cinit,global,reloc=2,class=CODE,delta=1
     7                           	psect	cstackCOMRAM,global,class=COMRAM,space=1,delta=1
     8                           	psect	text1,global,reloc=2,class=CODE,delta=1
     9                           	psect	intsave_regs,global,class=BIGRAM,space=1,delta=1
    10                           	psect	rparam,global,class=COMRAM,space=1,delta=1
    11  0000                     _PORTB	set	3969
    12  0000                     _TRISA	set	3986
    13  0000                     _TRISB	set	3987
    14  0000                     _TRISC	set	3988
    15  0000                     _ADCON1	set	4033
    16                           
    17 ;;
    18 ;;Main: autosize = 0, tempsize = 0, incstack = 0, save=0
    19 ;;
    20 ;; *************** function _main *****************
    21 ;; Defined at:
    22 ;;		line 16 in file "lab2p3.c"
    23 ;; Parameters:    Size  Location     Type
    24 ;;		None
    25 ;; Auto vars:     Size  Location     Type
    26 ;;  i               1    2[COMRAM] unsigned char 
    27 ;;  in              1    0        unsigned char 
    28 ;; Return value:  Size  Location     Type
    29 ;;		None               void
    30 ;; Registers used:
    31 ;;		wreg, status,2, status,0, cstack
    32 ;; Tracked objects:
    33 ;;		On entry : 0/0
    34 ;;		On exit  : 0/0
    35 ;;		Unchanged: 0/0
    36 ;; Data sizes:     COMRAM   BANK0   BANK1   BANK2   BANK3   BANK4   BANK5   BANK6   BANK7   BANK8   BANK9  BANK10  BANK1
      +1  BANK12  BANK13  BANK14  BANK15
    37 ;;      Params:         0       0       0       0       0       0       0       0       0       0       0       0       
      +0       0       0       0       0
    38 ;;      Locals:         1       0       0       0       0       0       0       0       0       0       0       0       
      +0       0       0       0       0
    39 ;;      Temps:          0       0       0       0       0       0       0       0       0       0       0       0       
      +0       0       0       0       0
    40 ;;      Totals:         1       0       0       0       0       0       0       0       0       0       0       0       
      +0       0       0       0       0
    41 ;;Total ram usage:        1 bytes
    42 ;; Hardware stack levels required when called:    1
    43 ;; This function calls:
    44 ;;		_Delay_One_Sec
    45 ;; This function is called by:
    46 ;;		Startup code after reset
    47 ;; This function uses a non-reentrant model
    48 ;;
    49                           
    50                           	psect	text0
    51  00FCD4                     __ptext0:
    52                           	opt stack 0
    53  00FCD4                     _main:
    54                           	opt stack 30
    55                           
    56                           ;lab2p3.c: 18: char in;
    57                           ;lab2p3.c: 19: TRISA =0xFF;
    58                           
    59                           ;incstack = 0
    60  00FCD4  6892               	setf	3986,c	;volatile
    61                           
    62                           ;lab2p3.c: 20: TRISB =0x00;
    63  00FCD6  0E00               	movlw	0
    64  00FCD8  6E93               	movwf	3987,c	;volatile
    65                           
    66                           ;lab2p3.c: 21: TRISC =0x00;
    67  00FCDA  0E00               	movlw	0
    68  00FCDC  6E94               	movwf	3988,c	;volatile
    69                           
    70                           ;lab2p3.c: 22: ADCON1 =0x0F;
    71  00FCDE  0E0F               	movlw	15
    72  00FCE0  6EC1               	movwf	4033,c	;volatile
    73  00FCE2                     l15:
    74                           
    75                           ;lab2p3.c: 25: {
    76                           ;lab2p3.c: 26: for (char i=0; i<8; i++)
    77  00FCE2  0E00               	movlw	0
    78  00FCE4  6E03               	movwf	main@i,c
    79  00FCE6                     l621:
    80  00FCE6  0E07               	movlw	7
    81  00FCE8  6403               	cpfsgt	main@i,c
    82  00FCEA  D001               	goto	l16
    83  00FCEC  D7FA               	goto	l15
    84  00FCEE                     l16:
    85                           
    86                           ;lab2p3.c: 27: {
    87                           ;lab2p3.c: 28: PORTB = i;
    88  00FCEE  C003  FF81         	movff	main@i,3969	;volatile
    89                           
    90                           ;lab2p3.c: 29: Delay_One_Sec();
    91  00FCF2  EC58  F07E         	call	_Delay_One_Sec	;wreg free
    92  00FCF6  2A03               	incf	main@i,f,c
    93  00FCF8  D7F6               	goto	l621
    94  00FCFA  D7F3               	goto	l15
    95  00FCFC  EF01  F000         	goto	start
    96  00FD00                     __end_of_main:
    97                           	opt stack 0
    98                           
    99                           	psect	cinit
   100  00FCAA                     __pcinit:
   101                           	opt stack 0
   102  00FCAA                     start_initialization:
   103                           	opt stack 0
   104  00FCAA                     __initialization:
   105                           	opt stack 0
   106  00FCAA                     end_of_initialization:
   107                           	opt stack 0
   108  00FCAA                     __end_of__initialization:
   109                           	opt stack 0
   110  00FCAA  0100               	movlb	0
   111  00FCAC  EF6A  F07E         	goto	_main	;jump to C main() function
   112                           
   113                           	psect	cstackCOMRAM
   114  000001                     __pcstackCOMRAM:
   115                           	opt stack 0
   116  000001                     Delay_One_Sec@I:
   117                           	opt stack 0
   118                           
   119                           ; 2 bytes @ 0x0
   120  000001                     	ds	2
   121  000003                     main@i:
   122                           	opt stack 0
   123                           
   124                           ; 1 bytes @ 0x2
   125  000003                     	ds	1
   126                           
   127 ;; *************** function _Delay_One_Sec *****************
   128 ;; Defined at:
   129 ;;		line 36 in file "lab2p3.c"
   130 ;; Parameters:    Size  Location     Type
   131 ;;		None
   132 ;; Auto vars:     Size  Location     Type
   133 ;;  I               2    0[COMRAM] int 
   134 ;; Return value:  Size  Location     Type
   135 ;;		None               void
   136 ;; Registers used:
   137 ;;		wreg, status,2, status,0
   138 ;; Tracked objects:
   139 ;;		On entry : 0/0
   140 ;;		On exit  : 0/0
   141 ;;		Unchanged: 0/0
   142 ;; Data sizes:     COMRAM   BANK0   BANK1   BANK2   BANK3   BANK4   BANK5   BANK6   BANK7   BANK8   BANK9  BANK10  BANK1
      +1  BANK12  BANK13  BANK14  BANK15
   143 ;;      Params:         0       0       0       0       0       0       0       0       0       0       0       0       
      +0       0       0       0       0
   144 ;;      Locals:         2       0       0       0       0       0       0       0       0       0       0       0       
      +0       0       0       0       0
   145 ;;      Temps:          0       0       0       0       0       0       0       0       0       0       0       0       
      +0       0       0       0       0
   146 ;;      Totals:         2       0       0       0       0       0       0       0       0       0       0       0       
      +0       0       0       0       0
   147 ;;Total ram usage:        2 bytes
   148 ;; Hardware stack levels used:    1
   149 ;; This function calls:
   150 ;;		Nothing
   151 ;; This function is called by:
   152 ;;		_main
   153 ;; This function uses a non-reentrant model
   154 ;;
   155                           
   156                           	psect	text1
   157  00FCB0                     __ptext1:
   158                           	opt stack 0
   159  00FCB0                     _Delay_One_Sec:
   160                           	opt stack 30
   161                           
   162                           ;lab2p3.c: 38: for (int I=0; I <25000; I++);
   163                           
   164                           ;incstack = 0
   165  00FCB0  0E00               	movlw	0
   166  00FCB2  6E02               	movwf	Delay_One_Sec@I+1,c
   167  00FCB4  0E00               	movlw	0
   168  00FCB6  6E01               	movwf	Delay_One_Sec@I,c
   169  00FCB8                     l609:
   170  00FCB8  BE02               	btfsc	Delay_One_Sec@I+1,7,c
   171  00FCBA  D008               	goto	l613
   172  00FCBC  0EA8               	movlw	168
   173  00FCBE  5C01               	subwf	Delay_One_Sec@I,w,c
   174  00FCC0  0E61               	movlw	97
   175  00FCC2  5802               	subwfb	Delay_One_Sec@I+1,w,c
   176  00FCC4  B0D8               	btfsc	status,0,c
   177  00FCC6  D005               	goto	l25
   178  00FCC8  D001               	goto	l613
   179  00FCCA  D003               	goto	l25
   180  00FCCC                     l613:
   181  00FCCC  4A01               	infsnz	Delay_One_Sec@I,f,c
   182  00FCCE  2A02               	incf	Delay_One_Sec@I+1,f,c
   183  00FCD0  D7F3               	goto	l609
   184  00FCD2                     l25:
   185  00FCD2  0012               	return		;funcret
   186  00FCD4                     __end_of_Delay_One_Sec:
   187                           	opt stack 0
   188  0000                     status	equ	0xFD8
   189                           status	equ	0xFD8
   190                           
   191                           	psect	rparam
   192  0000                     status	equ	0xFD8


Data Sizes:
    Strings     0
    Constant    0
    Data        0
    BSS         0
    Persistent  0
    Stack       0

Auto Spaces:
    Space          Size  Autos    Used
    COMRAM          127      3       3
    BANK0           128      0       0
    BANK1           256      0       0
    BANK2           256      0       0
    BANK3           256      0       0
    BANK4           256      0       0
    BANK5           256      0       0
    BANK6           256      0       0
    BANK7           256      0       0
    BANK8           256      0       0
    BANK9           256      0       0
    BANK10          256      0       0
    BANK11          256      0       0
    BANK12          256      0       0
    BANK13          256      0       0
    BANK14          239      0       0
    BANK15          128      0       0

Pointer List with Targets:

    None.

Critical Paths under _main in COMRAM

    _main->_Delay_One_Sec

Critical Paths under _main in BANK0

    None.

Critical Paths under _main in BANK1

    None.

Critical Paths under _main in BANK2

    None.

Critical Paths under _main in BANK3

    None.

Critical Paths under _main in BANK4

    None.

Critical Paths under _main in BANK5

    None.

Critical Paths under _main in BANK6

    None.

Critical Paths under _main in BANK7

    None.

Critical Paths under _main in BANK8

    None.

Critical Paths under _main in BANK9

    None.

Critical Paths under _main in BANK10

    None.

Critical Paths under _main in BANK11

    None.

Critical Paths under _main in BANK12

    None.

Critical Paths under _main in BANK13

    None.

Critical Paths under _main in BANK14

    None.

Critical Paths under _main in BANK15

    None.

Call Graph Tables:

 ---------------------------------------------------------------------------------
 (Depth) Function   	        Calls       Base Space   Used Autos Params    Refs
 ---------------------------------------------------------------------------------
 (0) _main                                                 2     2      0      75
                                              2 COMRAM     1     1      0
                      _Delay_One_Sec
 ---------------------------------------------------------------------------------
 (1) _Delay_One_Sec                                        2     2      0      30
                                              0 COMRAM     2     2      0
 ---------------------------------------------------------------------------------
 Estimated maximum stack depth 1
 ---------------------------------------------------------------------------------

 Call Graph Graphs:

 _main (ROOT)
   _Delay_One_Sec

 Address spaces:
Name               Size   Autos  Total    Cost      Usage
BITCOMRAM           7F      0       0       0        0.0%
EEDATA             400      0       0       0        0.0%
NULL                 0      0       0       0        0.0%
CODE                 0      0       0       0        0.0%
COMRAM              7F      3       3       1        2.4%
STACK                0      0       0       2        0.0%
DATA                 0      0       0       3        0.0%
BITBANK0            80      0       0       4        0.0%
BANK0               80      0       0       5        0.0%
ABS                  0      0       0       6        0.0%
BITBANK1           100      0       0       7        0.0%
BANK1              100      0       0       8        0.0%
BITBANK2           100      0       0       9        0.0%
BANK2              100      0       0      10        0.0%
BITBANK3           100      0       0      11        0.0%
BANK3              100      0       0      12        0.0%
BITBANK4           100      0       0      13        0.0%
BANK4              100      0       0      14        0.0%
BITBANK5           100      0       0      15        0.0%
BANK5              100      0       0      16        0.0%
BITBANK6           100      0       0      17        0.0%
BANK6              100      0       0      18        0.0%
BITBANK7           100      0       0      19        0.0%
BANK7              100      0       0      20        0.0%
BITBANK8           100      0       0      21        0.0%
BANK8              100      0       0      22        0.0%
BITBANK9           100      0       0      23        0.0%
BANK9              100      0       0      24        0.0%
BITBANK10          100      0       0      25        0.0%
BANK10             100      0       0      26        0.0%
BITBANK11          100      0       0      27        0.0%
BANK11             100      0       0      28        0.0%
BITBANK12          100      0       0      29        0.0%
BANK12             100      0       0      30        0.0%
BITBANK13          100      0       0      31        0.0%
BANK13             100      0       0      32        0.0%
BITBANK14           EF      0       0      33        0.0%
BANK14              EF      0       0      34        0.0%
BITBANK15           80      0       0      35        0.0%
BANK15              80      0       0      36        0.0%
BIGRAM_1            80      0       0      37        0.0%
BIGRAM             EEE      0       0      38        0.0%
BITSFR_5             0      0       0      40        0.0%
SFR_5                0      0       0      40        0.0%
BITSFR_4             0      0       0      40        0.0%
SFR_4                0      0       0      40        0.0%
BITSFR_3             0      0       0      40        0.0%
SFR_3                0      0       0      40        0.0%
BITSFR_2             0      0       0      40        0.0%
SFR_2                0      0       0      40        0.0%
BITSFR_1             0      0       0      40        0.0%
SFR_1                0      0       0      40        0.0%
BITSFR               0      0       0      40        0.0%
SFR                  0      0       0      40        0.0%


Microchip Technology PIC18 Macro Assembler V1.34 build -361300703 
Symbol Table                                                                                   Thu Sep 05 17:09:19 2024

                     l15 FCE2                       l16 FCEE                       l25 FCD2  
                    l613 FCCC                      l621 FCE6                      l609 FCB8  
           __CFG_LVP$OFF 000000             __CFG_WDT$OFF 000000                     _main FCD4  
                   start 0002             ___param_bank 000010                    ?_main 0001  
                  _PORTB 000F81                    _TRISA 000F92                    _TRISB 000F93  
                  _TRISC 000F94                    main@i 0003           __CFG_BOREN$OFF 000000  
                  status 000FD8          __initialization FCAA             __end_of_main FD00  
                 ??_main 0003            __activetblptr 000000                   _ADCON1 000FC1  
             __accesstop 0080  __end_of__initialization FCAA            ___rparam_used 000001  
         __pcstackCOMRAM 0001           Delay_One_Sec@I 0001   __size_of_Delay_One_Sec 0024  
                __Hparam 0000                  __Lparam 0000                  __pcinit FCAA  
                __ramtop 1000                  __ptext0 FCD4                  __ptext1 FCB0  
   end_of_initialization FCAA            _Delay_One_Sec FCB0           ?_Delay_One_Sec 0001  
    start_initialization FCAA         __CFG_OSC$INTIO67 000000          ??_Delay_One_Sec 0001  
               __Hrparam 0000                 __Lrparam 0000            __size_of_main 002C  
  __end_of_Delay_One_Sec FCD4  
