

Microchip Technology PIC18 LITE Macro Assembler V1.34 build -361300703 
                                                                                               Thu Sep 05 17:33:24 2024

Microchip Technology Omniscient Code Generator (Lite mode) build 201502162209
     1                           	processor	18F4620
     2                           	fnconf	rparam,??,?,0
     3                           	opt	pw 120
     4                           	opt	lm
     5                           	psect	idataCOMRAM,global,class=CODE,delta=1
     6                           	psect	cinit,global,reloc=2,class=CODE,delta=1
     7                           	psect	dataCOMRAM,global,class=COMRAM,space=1,delta=1
     8                           	psect	cstackCOMRAM,global,class=COMRAM,space=1,delta=1
     9                           	psect	text0,global,reloc=2,class=CODE,delta=1
    10                           	psect	text1,global,reloc=2,class=CODE,delta=1
    11                           	psect	intsave_regs,global,class=BIGRAM,space=1,delta=1
    12                           	psect	rparam,global,class=COMRAM,space=1,delta=1
    13  0000                     
    14                           	psect	idataCOMRAM
    15  00FC4C                     __pidataCOMRAM:
    16                           	opt stack 0
    17                           
    18                           ;initializer for _array1
    19  00FC4C  06                 	db	6
    20  00FC4D  01                 	db	1
    21  00FC4E  02                 	db	2
    22  00FC4F  03                 	db	3
    23  00FC50  04                 	db	4
    24  00FC51  00                 	db	0
    25  00FC52  05                 	db	5
    26  00FC53  07                 	db	7
    27                           
    28                           ;initializer for _array2
    29  00FC54  02                 	db	2
    30  00FC55  03                 	db	3
    31  00FC56  04                 	db	4
    32  00FC57  05                 	db	5
    33  00FC58  00                 	db	0
    34  00FC59  06                 	db	6
    35  00FC5A  07                 	db	7
    36  00FC5B  01                 	db	1
    37  0000                     _PORTB	set	3969
    38  0000                     _PORTD	set	3971
    39  0000                     _TRISA	set	3986
    40  0000                     _TRISB	set	3987
    41  0000                     _TRISC	set	3988
    42  0000                     _ADCON1	set	4033
    43                           
    44                           ; #config settings
    45  0000                     
    46                           	psect	cinit
    47  00FC80                     __pcinit:
    48                           	opt stack 0
    49  00FC80                     start_initialization:
    50                           	opt stack 0
    51  00FC80                     __initialization:
    52                           	opt stack 0
    53                           
    54                           ; Initialize objects allocated to COMRAM (16 bytes)
    55                           ; load TBLPTR registers with __pidataCOMRAM
    56  00FC80  0E4C               	movlw	low __pidataCOMRAM
    57  00FC82  6EF6               	movwf	tblptrl,c
    58  00FC84  0EFC               	movlw	high __pidataCOMRAM
    59  00FC86  6EF7               	movwf	tblptrh,c
    60  00FC88  0E00               	movlw	low (__pidataCOMRAM shr (0+16))
    61  00FC8A  6EF8               	movwf	tblptru,c
    62  00FC8C  EE00  F001         	lfsr	0,__pdataCOMRAM
    63  00FC90  EE10 F010          	lfsr	1,16
    64  00FC94                     copy_data0:
    65  00FC94  0009               	tblrd		*+
    66  00FC96  CFF5 FFEE          	movff	tablat,postinc0
    67  00FC9A  50E5               	movf	postdec1,w,c
    68  00FC9C  50E1               	movf	fsr1l,w,c
    69  00FC9E  E1FA               	bnz	copy_data0
    70  00FCA0                     end_of_initialization:
    71                           	opt stack 0
    72  00FCA0                     __end_of__initialization:
    73                           	opt stack 0
    74  00FCA0  0100               	movlb	0
    75  00FCA2  EF53  F07E         	goto	_main	;jump to C main() function
    76                           tblptru	equ	0xFF8
    77                           tblptrh	equ	0xFF7
    78                           tblptrl	equ	0xFF6
    79                           tablat	equ	0xFF5
    80                           postinc0	equ	0xFEE
    81                           postdec1	equ	0xFE5
    82                           fsr1l	equ	0xFE1
    83                           
    84                           	psect	dataCOMRAM
    85  000001                     __pdataCOMRAM:
    86                           	opt stack 0
    87  000001                     _array1:
    88                           	opt stack 0
    89  000001                     	ds	8
    90  000009                     _array2:
    91                           	opt stack 0
    92  000009                     	ds	8
    93                           tblptru	equ	0xFF8
    94                           tblptrh	equ	0xFF7
    95                           tblptrl	equ	0xFF6
    96                           tablat	equ	0xFF5
    97                           postinc0	equ	0xFEE
    98                           postdec1	equ	0xFE5
    99                           fsr1l	equ	0xFE1
   100                           
   101                           	psect	cstackCOMRAM
   102  000011                     __pcstackCOMRAM:
   103                           	opt stack 0
   104  000011                     Delay_One_Sec@I:
   105                           	opt stack 0
   106                           
   107                           ; 2 bytes @ 0x0
   108  000011                     	ds	2
   109  000013                     ??_main:
   110                           
   111                           ; 0 bytes @ 0x2
   112  000013                     	ds	1
   113  000014                     main@i:
   114                           	opt stack 0
   115                           
   116                           ; 1 bytes @ 0x3
   117  000014                     	ds	1
   118                           tblptru	equ	0xFF8
   119                           tblptrh	equ	0xFF7
   120                           tblptrl	equ	0xFF6
   121                           tablat	equ	0xFF5
   122                           postinc0	equ	0xFEE
   123                           postdec1	equ	0xFE5
   124                           fsr1l	equ	0xFE1
   125                           
   126 ;;
   127 ;;Main: autosize = 0, tempsize = 1, incstack = 0, save=0
   128 ;;
   129 ;; *************** function _main *****************
   130 ;; Defined at:
   131 ;;		line 19 in file "lab2p4.c"
   132 ;; Parameters:    Size  Location     Type
   133 ;;		None
   134 ;; Auto vars:     Size  Location     Type
   135 ;;  i               1    3[COMRAM] unsigned char 
   136 ;;  in              1    0        unsigned char 
   137 ;; Return value:  Size  Location     Type
   138 ;;		None               void
   139 ;; Registers used:
   140 ;;		wreg, fsr2l, fsr2h, status,2, status,0, prodl, prodh, cstack
   141 ;; Tracked objects:
   142 ;;		On entry : 0/0
   143 ;;		On exit  : 0/0
   144 ;;		Unchanged: 0/0
   145 ;; Data sizes:     COMRAM   BANK0   BANK1   BANK2   BANK3   BANK4   BANK5   BANK6   BANK7   BANK8   BANK9  BANK10  BANK1
      +1  BANK12  BANK13  BANK14  BANK15
   146 ;;      Params:         0       0       0       0       0       0       0       0       0       0       0       0       
      +0       0       0       0       0
   147 ;;      Locals:         1       0       0       0       0       0       0       0       0       0       0       0       
      +0       0       0       0       0
   148 ;;      Temps:          1       0       0       0       0       0       0       0       0       0       0       0       
      +0       0       0       0       0
   149 ;;      Totals:         2       0       0       0       0       0       0       0       0       0       0       0       
      +0       0       0       0       0
   150 ;;Total ram usage:        2 bytes
   151 ;; Hardware stack levels required when called:    1
   152 ;; This function calls:
   153 ;;		_Delay_One_Sec
   154 ;; This function is called by:
   155 ;;		Startup code after reset
   156 ;; This function uses a non-reentrant model
   157 ;;
   158                           
   159                           	psect	text0
   160  00FCA6                     __ptext0:
   161                           	opt stack 0
   162  00FCA6                     _main:
   163                           	opt stack 30
   164                           
   165                           ;lab2p4.c: 21: char in;
   166                           ;lab2p4.c: 22: TRISA =0xFF;
   167                           
   168                           ;incstack = 0
   169  00FCA6  6892               	setf	3986,c	;volatile
   170                           
   171                           ;lab2p4.c: 23: TRISB =0x00;
   172  00FCA8  0E00               	movlw	0
   173  00FCAA  6E93               	movwf	3987,c	;volatile
   174                           
   175                           ;lab2p4.c: 24: TRISC =0x00;
   176  00FCAC  0E00               	movlw	0
   177  00FCAE  6E94               	movwf	3988,c	;volatile
   178                           
   179                           ;lab2p4.c: 25: ADCON1 =0x0F;
   180  00FCB0  0E0F               	movlw	15
   181  00FCB2  6EC1               	movwf	4033,c	;volatile
   182  00FCB4                     l21:
   183                           
   184                           ;lab2p4.c: 28: {
   185                           ;lab2p4.c: 29: for (char i=0; i<8; i++)
   186  00FCB4  0E00               	movlw	0
   187  00FCB6  6E14               	movwf	main@i,c
   188  00FCB8                     l627:
   189  00FCB8  0E07               	movlw	7
   190  00FCBA  6414               	cpfsgt	main@i,c
   191  00FCBC  D001               	goto	l631
   192  00FCBE  D7FA               	goto	l21
   193  00FCC0                     l631:
   194                           
   195                           ;lab2p4.c: 30: {
   196                           ;lab2p4.c: 31: PORTB = array1[i];
   197  00FCC0  5014               	movf	main@i,w,c
   198  00FCC2  0D01               	mullw	1
   199  00FCC4  0E01               	movlw	low _array1
   200  00FCC6  24F3               	addwf	prodl,w,c
   201  00FCC8  6ED9               	movwf	fsr2l,c
   202  00FCCA  0E00               	movlw	high _array1
   203  00FCCC  20F4               	addwfc	prodh,w,c
   204  00FCCE  6EDA               	movwf	fsr2h,c
   205  00FCD0  50DF               	movf	indf2,w,c
   206  00FCD2  6E81               	movwf	3969,c	;volatile
   207                           
   208                           ;lab2p4.c: 32: PORTD = array2[i]<<2;
   209  00FCD4  5014               	movf	main@i,w,c
   210  00FCD6  0D01               	mullw	1
   211  00FCD8  0E09               	movlw	low _array2
   212  00FCDA  24F3               	addwf	prodl,w,c
   213  00FCDC  6ED9               	movwf	fsr2l,c
   214  00FCDE  0E00               	movlw	high _array2
   215  00FCE0  20F4               	addwfc	prodh,w,c
   216  00FCE2  6EDA               	movwf	fsr2h,c
   217  00FCE4  50DF               	movf	indf2,w,c
   218  00FCE6  6E13               	movwf	??_main& (0+255),c
   219  00FCE8  90D8               	bcf	status,0,c
   220  00FCEA  3613               	rlcf	??_main,f,c
   221  00FCEC  90D8               	bcf	status,0,c
   222  00FCEE  3413               	rlcf	??_main,w,c
   223  00FCF0  6E83               	movwf	3971,c	;volatile
   224                           
   225                           ;lab2p4.c: 33: Delay_One_Sec();
   226  00FCF2  EC2E  F07E         	call	_Delay_One_Sec	;wreg free
   227  00FCF6  2A14               	incf	main@i,f,c
   228  00FCF8  D7DF               	goto	l627
   229  00FCFA  D7DC               	goto	l21
   230  00FCFC  EF01  F000         	goto	start
   231  00FD00                     __end_of_main:
   232                           	opt stack 0
   233                           tblptru	equ	0xFF8
   234                           tblptrh	equ	0xFF7
   235                           tblptrl	equ	0xFF6
   236                           tablat	equ	0xFF5
   237                           prodh	equ	0xFF4
   238                           prodl	equ	0xFF3
   239                           postinc0	equ	0xFEE
   240                           postdec1	equ	0xFE5
   241                           fsr1l	equ	0xFE1
   242                           indf2	equ	0xFDF
   243                           fsr2h	equ	0xFDA
   244                           fsr2l	equ	0xFD9
   245                           status	equ	0xFD8
   246                           
   247 ;; *************** function _Delay_One_Sec *****************
   248 ;; Defined at:
   249 ;;		line 40 in file "lab2p4.c"
   250 ;; Parameters:    Size  Location     Type
   251 ;;		None
   252 ;; Auto vars:     Size  Location     Type
   253 ;;  I               2    0[COMRAM] int 
   254 ;; Return value:  Size  Location     Type
   255 ;;		None               void
   256 ;; Registers used:
   257 ;;		wreg, status,2, status,0
   258 ;; Tracked objects:
   259 ;;		On entry : 0/0
   260 ;;		On exit  : 0/0
   261 ;;		Unchanged: 0/0
   262 ;; Data sizes:     COMRAM   BANK0   BANK1   BANK2   BANK3   BANK4   BANK5   BANK6   BANK7   BANK8   BANK9  BANK10  BANK1
      +1  BANK12  BANK13  BANK14  BANK15
   263 ;;      Params:         0       0       0       0       0       0       0       0       0       0       0       0       
      +0       0       0       0       0
   264 ;;      Locals:         2       0       0       0       0       0       0       0       0       0       0       0       
      +0       0       0       0       0
   265 ;;      Temps:          0       0       0       0       0       0       0       0       0       0       0       0       
      +0       0       0       0       0
   266 ;;      Totals:         2       0       0       0       0       0       0       0       0       0       0       0       
      +0       0       0       0       0
   267 ;;Total ram usage:        2 bytes
   268 ;; Hardware stack levels used:    1
   269 ;; This function calls:
   270 ;;		Nothing
   271 ;; This function is called by:
   272 ;;		_main
   273 ;; This function uses a non-reentrant model
   274 ;;
   275                           
   276                           	psect	text1
   277  00FC5C                     __ptext1:
   278                           	opt stack 0
   279  00FC5C                     _Delay_One_Sec:
   280                           	opt stack 30
   281                           
   282                           ;lab2p4.c: 42: for (int I=0; I <17880; I++);
   283                           
   284                           ;incstack = 0
   285  00FC5C  0E00               	movlw	0
   286  00FC5E  6E12               	movwf	Delay_One_Sec@I+1,c
   287  00FC60  0E00               	movlw	0
   288  00FC62  6E11               	movwf	Delay_One_Sec@I,c
   289  00FC64                     l615:
   290  00FC64  BE12               	btfsc	Delay_One_Sec@I+1,7,c
   291  00FC66  D008               	goto	l619
   292  00FC68  0ED8               	movlw	216
   293  00FC6A  5C11               	subwf	Delay_One_Sec@I,w,c
   294  00FC6C  0E45               	movlw	69
   295  00FC6E  5812               	subwfb	Delay_One_Sec@I+1,w,c
   296  00FC70  B0D8               	btfsc	status,0,c
   297  00FC72  D005               	goto	l31
   298  00FC74  D001               	goto	l619
   299  00FC76  D003               	goto	l31
   300  00FC78                     l619:
   301  00FC78  4A11               	infsnz	Delay_One_Sec@I,f,c
   302  00FC7A  2A12               	incf	Delay_One_Sec@I+1,f,c
   303  00FC7C  D7F3               	goto	l615
   304  00FC7E                     l31:
   305  00FC7E  0012               	return		;funcret
   306  00FC80                     __end_of_Delay_One_Sec:
   307                           	opt stack 0
   308  0000                     tblptru	equ	0xFF8
   309                           tblptrh	equ	0xFF7
   310                           tblptrl	equ	0xFF6
   311                           tablat	equ	0xFF5
   312                           prodh	equ	0xFF4
   313                           prodl	equ	0xFF3
   314                           postinc0	equ	0xFEE
   315                           postdec1	equ	0xFE5
   316                           fsr1l	equ	0xFE1
   317                           indf2	equ	0xFDF
   318                           fsr2h	equ	0xFDA
   319                           fsr2l	equ	0xFD9
   320                           status	equ	0xFD8
   321                           tblptru	equ	0xFF8
   322                           tblptrh	equ	0xFF7
   323                           tblptrl	equ	0xFF6
   324                           tablat	equ	0xFF5
   325                           prodh	equ	0xFF4
   326                           prodl	equ	0xFF3
   327                           postinc0	equ	0xFEE
   328                           postdec1	equ	0xFE5
   329                           fsr1l	equ	0xFE1
   330                           indf2	equ	0xFDF
   331                           fsr2h	equ	0xFDA
   332                           fsr2l	equ	0xFD9
   333                           status	equ	0xFD8
   334                           
   335                           	psect	rparam
   336  0000                     tblptru	equ	0xFF8
   337                           tblptrh	equ	0xFF7
   338                           tblptrl	equ	0xFF6
   339                           tablat	equ	0xFF5
   340                           prodh	equ	0xFF4
   341                           prodl	equ	0xFF3
   342                           postinc0	equ	0xFEE
   343                           postdec1	equ	0xFE5
   344                           fsr1l	equ	0xFE1
   345                           indf2	equ	0xFDF
   346                           fsr2h	equ	0xFDA
   347                           fsr2l	equ	0xFD9
   348                           status	equ	0xFD8


Data Sizes:
    Strings     0
    Constant    0
    Data        16
    BSS         0
    Persistent  0
    Stack       0

Auto Spaces:
    Space          Size  Autos    Used
    COMRAM          127      4      20
    BANK0           128      0       0
    BANK1           256      0       0
    BANK2           256      0       0
    BANK3           256      0       0
    BANK4           256      0       0
    BANK5           256      0       0
    BANK6           256      0       0
    BANK7           256      0       0
    BANK8           256      0       0
    BANK9           256      0       0
    BANK10          256      0       0
    BANK11          256      0       0
    BANK12          256      0       0
    BANK13          256      0       0
    BANK14          239      0       0
    BANK15          128      0       0

Pointer List with Targets:

    None.

Critical Paths under _main in COMRAM

    _main->_Delay_One_Sec

Critical Paths under _main in BANK0

    None.

Critical Paths under _main in BANK1

    None.

Critical Paths under _main in BANK2

    None.

Critical Paths under _main in BANK3

    None.

Critical Paths under _main in BANK4

    None.

Critical Paths under _main in BANK5

    None.

Critical Paths under _main in BANK6

    None.

Critical Paths under _main in BANK7

    None.

Critical Paths under _main in BANK8

    None.

Critical Paths under _main in BANK9

    None.

Critical Paths under _main in BANK10

    None.

Critical Paths under _main in BANK11

    None.

Critical Paths under _main in BANK12

    None.

Critical Paths under _main in BANK13

    None.

Critical Paths under _main in BANK14

    None.

Critical Paths under _main in BANK15

    None.

Call Graph Tables:

 ---------------------------------------------------------------------------------
 (Depth) Function   	        Calls       Base Space   Used Autos Params    Refs
 ---------------------------------------------------------------------------------
 (0) _main                                                 3     3      0      90
                                              2 COMRAM     2     2      0
                      _Delay_One_Sec
 ---------------------------------------------------------------------------------
 (1) _Delay_One_Sec                                        2     2      0      30
                                              0 COMRAM     2     2      0
 ---------------------------------------------------------------------------------
 Estimated maximum stack depth 1
 ---------------------------------------------------------------------------------

 Call Graph Graphs:

 _main (ROOT)
   _Delay_One_Sec

 Address spaces:
Name               Size   Autos  Total    Cost      Usage
BIGRAM             EEE      0       0      38        0.0%
EEDATA             400      0       0       0        0.0%
BITBANK13          100      0       0      31        0.0%
BANK13             100      0       0      32        0.0%
BITBANK12          100      0       0      29        0.0%
BANK12             100      0       0      30        0.0%
BITBANK11          100      0       0      27        0.0%
BANK11             100      0       0      28        0.0%
BITBANK10          100      0       0      25        0.0%
BANK10             100      0       0      26        0.0%
BITBANK9           100      0       0      23        0.0%
BANK9              100      0       0      24        0.0%
BITBANK8           100      0       0      21        0.0%
BANK8              100      0       0      22        0.0%
BITBANK7           100      0       0      19        0.0%
BANK7              100      0       0      20        0.0%
BITBANK6           100      0       0      17        0.0%
BANK6              100      0       0      18        0.0%
BITBANK5           100      0       0      15        0.0%
BANK5              100      0       0      16        0.0%
BITBANK4           100      0       0      13        0.0%
BANK4              100      0       0      14        0.0%
BITBANK3           100      0       0      11        0.0%
BANK3              100      0       0      12        0.0%
BITBANK2           100      0       0       9        0.0%
BANK2              100      0       0      10        0.0%
BITBANK1           100      0       0       7        0.0%
BANK1              100      0       0       8        0.0%
BITBANK14           EF      0       0      33        0.0%
BANK14              EF      0       0      34        0.0%
BITBANK15           80      0       0      35        0.0%
BANK15              80      0       0      36        0.0%
BITBANK0            80      0       0       4        0.0%
BANK0               80      0       0       5        0.0%
BIGRAM_1            80      0       0      37        0.0%
BITCOMRAM           7F      0       0       0        0.0%
COMRAM              7F      4      14       1       15.7%
BITSFR_5             0      0       0      40        0.0%
SFR_5                0      0       0      40        0.0%
BITSFR_4             0      0       0      40        0.0%
SFR_4                0      0       0      40        0.0%
BITSFR_3             0      0       0      40        0.0%
SFR_3                0      0       0      40        0.0%
BITSFR_2             0      0       0      40        0.0%
SFR_2                0      0       0      40        0.0%
BITSFR_1             0      0       0      40        0.0%
SFR_1                0      0       0      40        0.0%
BITSFR               0      0       0      40        0.0%
SFR                  0      0       0      40        0.0%
STACK                0      0       0       2        0.0%
NULL                 0      0       0       0        0.0%
ABS                  0      0      14       6        0.0%
DATA                 0      0      14       3        0.0%
CODE                 0      0       0       0        0.0%


Microchip Technology PIC18 Macro Assembler V1.34 build -361300703 
Symbol Table                                                                                   Thu Sep 05 17:33:24 2024

                     l21 FCB4                       l31 FC7E                      l615 FC64  
                    l631 FCC0                      l619 FC78                      l627 FCB8  
                    prod 000FF3             __CFG_LVP$OFF 000000             __CFG_WDT$OFF 000000  
                   _main FCA6                     fsr1l 000FE1                     indf2 000FDF  
                   fsr2l 000FD9                     prodl 000FF3                     start 0002  
           ___param_bank 000010                    ?_main 0011                    _PORTB 000F81  
                  _PORTD 000F83                    _TRISA 000F92                    _TRISB 000F93  
                  _TRISC 000F94                    main@i 0014           __CFG_BOREN$OFF 000000  
                  tablat 000FF5                    status 000FD8          __initialization FC80  
           __end_of_main FD00                   ??_main 0013            __activetblptr 000000  
                 _ADCON1 000FC1                   _array1 0001                   _array2 0009  
           __pdataCOMRAM 0001                   tblptrh 000FF7                   tblptrl 000FF6  
                 tblptru 000FF8               __accesstop 0080  __end_of__initialization FCA0  
          ___rparam_used 000001           __pcstackCOMRAM 0011           Delay_One_Sec@I 0011  
 __size_of_Delay_One_Sec 0024                  __Hparam 0000                  __Lparam 0000  
                __pcinit FC80                  __ramtop 1000                  __ptext0 FCA6  
                __ptext1 FC5C     end_of_initialization FCA0            _Delay_One_Sec FC5C  
                postdec1 000FE5                  postinc0 000FEE           ?_Delay_One_Sec 0011  
          __pidataCOMRAM FC4C      start_initialization FC80         __CFG_OSC$INTIO67 000000  
        ??_Delay_One_Sec 0011                copy_data0 FC94                 __Hrparam 0000  
               __Lrparam 0000            __size_of_main 005A    __end_of_Delay_One_Sec FC80  
